[13/01/22 19:45:24] cliente_1: A ver como va esto de las maquinitas, halaaaa mira que bonicas ellas.

[13/01/22 19:45:24] cliente_1: A ver si funciona la maquina numero 1 ...

[13/01/22 19:45:30] cliente_1: Pueg ya he acabao con la maquina, no fue tan difícil ... (dijo rascándose debajo de la boina).

[13/01/22 19:45:35] cliente_1: 
[13/01/22 19:45:38] cliente_2: A ver como va esto de las maquinitas, halaaaa mira que bonicas ellas.

[13/01/22 19:45:38] cliente_2: A ver si funciona la maquina numero 1 ...

[13/01/22 19:45:44] cliente_2: Pueg ya he acabao con la maquina, no fue tan difícil ... (dijo rascándose debajo de la boina).

[13/01/22 19:45:46] cliente_2: : El cliente entra al ascensor.

[13/01/22 19:45:58] cliente_3: A ver como va esto de las maquinitas, halaaaa mira que bonicas ellas.

[13/01/22 19:45:58] cliente_3: A ver si funciona la maquina numero 1 ...

[13/01/22 19:46:04] cliente_3: Pueg ya he acabao con la maquina, no fue tan difícil ... (dijo rascándose debajo de la boina).

[13/01/22 19:46:09] cliente_3: : El cliente entra al ascensor.

[13/01/22 19:46:19] recepcionista_VIP_2: El cliente_5 está siendo atendido
[13/01/22 19:46:21] recepcionista_Normal_1: El cliente_7 está siendo atendido
[13/01/22 19:46:22] recepcionista_Normal_1: El cliente_8 está siendo atendido
[13/01/22 19:46:22] cliente_8: A ver como va esto de las maquinitas, halaaaa mira que bonicas ellas.

[13/01/22 19:46:22] cliente_8: A ver si funciona la maquina numero 1 ...

[13/01/22 19:46:23] recepcionista_Normal_1: El cliente_8 ha sido atendido correctamente en 1 segundos
[13/01/22 19:46:24] cliente_8: : El cliente entra al ascensor.

[13/01/22 19:46:25] recepcionista_Normal_1: El cliente_7 ha sido atendido en 4 segundos y contenia errores en los datos
[13/01/22 19:46:26] cliente_8: 
[13/01/22 19:46:26] cliente_8: 
[13/01/22 19:46:27] cliente_8: 
[13/01/22 19:46:28] cliente_8: Pueg ya he acabao con la maquina, no fue tan difícil ... (dijo rascándose debajo de la boina).

[13/01/22 19:46:29] recepcionista_VIP_2: El cliente_5 ha sido atendido en 10 segundos, no tenia el pasaporte vacunal y se le ha expulsado del hotel
[13/01/22 19:46:29] recepcionista_VIP_2: El cliente_6 está siendo atendido
[13/01/22 19:46:31] recepcionista_VIP_2: El cliente_6 ha sido atendido correctamente en 2 segundos
[13/01/22 19:46:33] cliente_8: 
